<?xml version="1.0" encoding="UTF-8"?>
<!-- Generated by org.testng.reporters.JUnitReportReporter -->
<testsuite hostname="anils-MSI-Prestige14" failures="0" tests="1" name="com.anilhorasan.JsonDataExtractionTest" time="0.368" errors="0" timestamp="2025-01-07T11:27:09 EST" skipped="0">
  <testcase classname="com.anilhorasan.JsonDataExtractionTest" name="testJsonDataExtraction" time="0.368"/>
</testsuite> <!-- com.anilhorasan.JsonDataExtractionTest -->
