<?xml version="1.0" encoding="UTF-8"?>
<!-- Generated by org.testng.reporters.JUnitReportReporter -->
<testsuite hostname="anils-MSI-Prestige14" failures="0" tests="1" name="com.anilhorasan.Gson_DataExtractionExampleTest" time="0.049" errors="0" timestamp="2025-01-07T13:32:01 EST" skipped="0">
  <testcase classname="com.anilhorasan.Gson_DataExtractionExampleTest" name="testJsonDataExtraction" time="0.049"/>
</testsuite> <!-- com.anilhorasan.Gson_DataExtractionExampleTest -->
