<?xml version="1.0" encoding="UTF-8"?>
<!-- Generated by org.testng.reporters.JUnitReportReporter -->
<testsuite hostname="anils-MSI-Prestige14" failures="0" tests="1" name="com.anilhorasan.OrgJson_DataExtractionExampleTest" time="0.032" errors="0" timestamp="2025-01-07T13:32:19 EST" skipped="0">
  <testcase classname="com.anilhorasan.OrgJson_DataExtractionExampleTest" name="testJsonDataExtraction" time="0.032"/>
</testsuite> <!-- com.anilhorasan.OrgJson_DataExtractionExampleTest -->
