<?xml version="1.0" encoding="UTF-8"?>
<!-- Generated by org.testng.reporters.JUnitReportReporter -->
<testsuite hostname="anils-MSI-Prestige14" failures="0" tests="1" name="com.anilhorasan.RestAssured_JsonPath_DataExtractionExampleTest" time="2.049" errors="0" timestamp="2025-01-07T13:26:32 EST" skipped="0">
  <testcase classname="com.anilhorasan.RestAssured_JsonPath_DataExtractionExampleTest" name="testJsonDataExtraction" time="2.049"/>
</testsuite> <!-- com.anilhorasan.RestAssured_JsonPath_DataExtractionExampleTest -->
